{"message":"Bookmark created with id accb5a03-f661-4011-a7cd-17452f0a599c","level":"info"}
{"message":"Bookmark created with id 334e77aa-1ddd-4f17-aef0-b2f386af9c99","level":"info"}
{"message":"Invalid url supplied: com","level":"error"}
{"message":"Invalid url supplied: .com","level":"error"}
{"message":"Bookmark created with id a88828aa-122c-478d-8bd2-625e2ae7f74b","level":"info"}
{"message":"Bookmark with id 334e77aa-1ddd-4f17-aef0- not found.","level":"error"}
{"message":"Bookmark with id a88828aa-122c-478d-8bd2-625e2ae7f74b deleted.","level":"info"}
{"message":"Description is required","level":"error"}
{"message":"Title is required","level":"error"}
{"message":"Title supplied as empty string","level":"error"}
{"message":"Title supplied as empty string","level":"error"}
{"message":"Unauthorized request to path: /bookmarks","level":"error"}
{"message":"Unauthorized request to path: /bookmarks","level":"error"}
{"message":"Unauthorized request to path: /bookmarks/435","level":"error"}
{"message":"Bookmark with id 435 not found.","level":"error"}
{"message":"Bookmark with id 5 not found.","level":"error"}
{"message":"Unauthorized request to path: /","level":"error"}
{"message":"Unauthorized request to path: /bookmarks","level":"error"}
{"message":"Unauthorized request to path: /","level":"error"}
{"message":"Unauthorized request to path: /","level":"error"}
{"message":"Unauthorized request to path: /bookmarks","level":"error"}
{"message":"Unauthorized request to path: /bookmarks/1","level":"error"}
{"message":"Unauthorized request to path: /bookmarks/1","level":"error"}
{"message":"Bookmark created with id 1","level":"info"}
{"message":"Bookmark created with id 1","level":"info"}
{"message":"Bookmark created with id 1","level":"info"}
{"message":"Bookmark created with id 1","level":"info"}
{"message":"Unauthorized request to path: /bookmarks","level":"error"}
{"message":"Unauthorized request to path: /bookmarks","level":"error"}
{"message":"Unauthorized request to path: /bookmarks","level":"error"}
{"message":"Unauthorized request to path: /bookmarks","level":"error"}
{"message":"Bookmark created with id 1","level":"info"}
{"message":"Bookmark created with id 1","level":"info"}
{"message":"Invalid rating supplied: undefined","level":"error"}
{"message":"Bookmark created with id 1","level":"info"}
{"message":"Bookmark created with id 1","level":"info"}
{"message":"Bookmark created with id 1","level":"info"}
{"message":"Bookmark created with id 1","level":"info"}
{"message":"Bookmark created with id 1","level":"info"}
{"message":"Bookmark created with id 1","level":"info"}
{"message":"Bookmark with id undefined deleted.","level":"info"}
{"message":"Bookmark created with id 1","level":"info"}
{"message":"Bookmark created with id 1","level":"info"}
{"message":"Bookmark with id 2 deleted.","level":"info"}
{"message":"Bookmark created with id 1","level":"info"}
{"message":"Bookmark created with id 1","level":"info"}
{"message":"Bookmark created with id 1","level":"info"}
{"message":"Bookmark created with id 1","level":"info"}
{"message":"Bookmark created with id 1","level":"info"}
{"message":"Bookmark created with id 1","level":"info"}
{"message":"Bookmark with id 2 deleted.","level":"info"}
{"message":"Bookmark created with id 1","level":"info"}
{"message":"Bookmark created with id 1","level":"info"}
{"message":"Invalid url supplied: mybookmark","level":"error"}
{"message":"Bookmark with id 2 deleted.","level":"info"}
{"message":"Bookmark created with id 1","level":"info"}
{"message":"Bookmark created with id 1","level":"info"}
{"message":"Invalid url supplied: mybookmark","level":"error"}
{"message":"Bookmark with id 2 deleted.","level":"info"}
{"message":"Bookmark created with id 1","level":"info"}
{"message":"Bookmark created with id 1","level":"info"}
{"message":"Invalid url supplied: mybookmark","level":"error"}
{"message":"Bookmark with id 2 deleted.","level":"info"}
{"message":"Bookmark created with id 1","level":"info"}
{"message":"Bookmark created with id 1","level":"info"}
{"message":"Invalid url supplied: mybookmark","level":"error"}
{"message":"Invalid rating supplied: four","level":"error"}
{"message":"Bookmark with id 2 deleted.","level":"info"}
{"message":"Bookmark created with id 1","level":"info"}
{"message":"Bookmark created with id 1","level":"info"}
{"message":"Invalid url supplied: mybookmark","level":"error"}
{"message":"Invalid rating supplied: four","level":"error"}
{"message":"Invalid rating supplied: 0","level":"error"}
{"message":"Bookmark with id 2 deleted.","level":"info"}
{"message":"Bookmark created with id 1","level":"info"}
{"message":"Bookmark created with id 1","level":"info"}
{"message":"Invalid url supplied: mybookmark","level":"error"}
{"message":"Invalid rating supplied: four","level":"error"}
{"message":"Invalid rating supplied: 0","level":"error"}
{"message":"Invalid rating supplied: 10","level":"error"}
{"message":"Bookmark with id 2 deleted.","level":"info"}
{"message":"Unauthorized request to path: /api/bookmarks/123456","level":"error"}
{"message":"Bookmark with id 2 updated.","level":"info"}
{"message":"Bookmark with id 2 updated.","level":"info"}
{"message":"Invalid body object supplied on PATCH: [object Object]","level":"error"}
{"message":"Bookmark with id 2 updated.","level":"info"}
{"message":"Invalid body object supplied on PATCH: [object Object]","level":"error"}
{"message":"Bookmark with id 2 updated.","level":"info"}
{"message":"Bookmark created with id 1","level":"info"}
{"message":"Bookmark created with id 1","level":"info"}
{"message":"Invalid url supplied: mybookmark","level":"error"}
{"message":"Invalid rating supplied: four","level":"error"}
{"message":"Bookmark created with id 1","level":"info"}
{"message":"Invalid rating supplied: 10","level":"error"}
{"message":"Bookmark with id 2 deleted.","level":"info"}
{"message":"Bookmark with id 2 updated.","level":"info"}
{"message":"Invalid body object supplied on PATCH: [object Object]","level":"error"}
{"message":"Bookmark with id 2 updated.","level":"info"}
{"message":"Bookmark created with id 1","level":"info"}
{"message":"Bookmark created with id 1","level":"info"}
{"message":"Invalid url supplied: mybookmark","level":"error"}
{"message":"Invalid rating supplied: four","level":"error"}
{"message":"Bookmark created with id 1","level":"info"}
{"message":"Invalid rating supplied: 10","level":"error"}
{"message":"Bookmark with id 2 deleted.","level":"info"}
{"message":"Bookmark with id 2 updated.","level":"info"}
{"message":"Invalid body object supplied on PATCH: [object Object]","level":"error"}
{"message":"Bookmark with id 2 updated.","level":"info"}
{"message":"Bookmark created with id 1","level":"info"}
{"message":"Bookmark created with id 1","level":"info"}
{"message":"Invalid url supplied: mybookmark","level":"error"}
{"message":"Invalid rating supplied: four","level":"error"}
{"message":"Invalid rating supplied: 0","level":"error"}
{"message":"Invalid rating supplied: 10","level":"error"}
{"message":"Bookmark with id 2 deleted.","level":"info"}
{"message":"Bookmark with id 2 updated.","level":"info"}
{"message":"Invalid body object supplied on PATCH: [object Object]","level":"error"}
{"message":"Bookmark with id 2 updated.","level":"info"}
{"message":"Bookmark created with id 1","level":"info"}
{"message":"Bookmark created with id 1","level":"info"}
{"message":"Invalid url supplied: mybookmark","level":"error"}
{"message":"Invalid rating supplied: four","level":"error"}
{"message":"Invalid rating supplied: 0","level":"error"}
{"message":"Invalid rating supplied: 10","level":"error"}
{"message":"Bookmark with id 2 deleted.","level":"info"}
{"message":"Bookmark with id 2 updated.","level":"info"}
{"message":"Invalid body object supplied on PATCH: [object Object]","level":"error"}
{"message":"Bookmark with id 2 updated.","level":"info"}
{"message":"Invalid url supplied: mybookmark","level":"error"}
{"message":"Invalid url supplied: mybookmark","level":"error"}
{"message":"Invalid url supplied: mybookmark","level":"error"}
{"message":"Invalid rating supplied: four","level":"error"}
{"message":"Invalid url supplied: mybookmark","level":"error"}
{"message":"Invalid rating supplied: four","level":"error"}
{"message":"Invalid rating supplied: 0","level":"error"}
{"message":"Invalid url supplied: mybookmark","level":"error"}
{"message":"Invalid rating supplied: four","level":"error"}
{"message":"Invalid rating supplied: 0","level":"error"}
{"message":"Invalid rating supplied: 10","level":"error"}
